AutoDock Vina v1.2.5
#################################################################
# If you used AutoDock Vina in your work, please cite:          #
#                                                               #
# J. Eberhardt, D. Santos-Martins, A. F. Tillack, and S. Forli  #
# AutoDock Vina 1.2.0: New Docking Methods, Expanded Force      #
# Field, and Python Bindings, J. Chem. Inf. Model. (2021)       #
# DOI 10.1021/acs.jcim.1c00203                                  #
#                                                               #
# O. Trott, A. J. Olson,                                        #
# AutoDock Vina: improving the speed and accuracy of docking    #
# with a new scoring function, efficient optimization and       #
# multithreading, J. Comp. Chem. (2010)                         #
# DOI 10.1002/jcc.21334                                         #
#                                                               #
# Please see https://github.com/ccsb-scripps/AutoDock-Vina for  #
# more information.                                             #
#################################################################

Scoring function : vina
Rigid receptor: /content/Paracetamol/DOCKING/5F19_prot_A.pdbqt
Ligand: /content/Paracetamol/DOCKING/Paracetamol/Paracetamol.pdbqt
Grid center: X 14.662 Y 44.488 Z 61.258
Grid size  : X 26.606 Y 20.209 Z 17.046
Grid space : 0.375
Exhaustiveness: 16
CPU: 2
Verbosity: 2

Computing Vina grid ... done.
Performing docking (random seed: 1443301868) ... 
0%   10   20   30   40   50   60   70   80   90   100%
|----|----|----|----|----|----|----|----|----|----|
***************************************************
done.
ENERGY FROM SEARCH: -6.64157
FINAL ENERGY: 
Estimated Free Energy of Binding   : -5.993 (kcal/mol) [=(1)+(2)+(3)-(4)]
(1) Final Intermolecular Energy    : -6.518 (kcal/mol)
    Ligand - Receptor              : -6.518 (kcal/mol)
    Ligand - Flex side chains      : 0.000 (kcal/mol)
(2) Final Total Internal Energy    : -0.124 (kcal/mol)
    Ligand                         : -0.124 (kcal/mol)
    Flex   - Receptor              : 0.000 (kcal/mol)
    Flex   - Flex side chains      : 0.000 (kcal/mol)
(3) Torsional Free Energy          : 0.525 (kcal/mol)
(4) Unbound System's Energy        : -0.124 (kcal/mol)
ENERGY FROM SEARCH: -6.571
FINAL ENERGY: 
Estimated Free Energy of Binding   : -5.927 (kcal/mol) [=(1)+(2)+(3)-(4)]
(1) Final Intermolecular Energy    : -6.464 (kcal/mol)
    Ligand - Receptor              : -6.464 (kcal/mol)
    Ligand - Flex side chains      : 0.000 (kcal/mol)
(2) Final Total Internal Energy    : -0.107 (kcal/mol)
    Ligand                         : -0.107 (kcal/mol)
    Flex   - Receptor              : 0.000 (kcal/mol)
    Flex   - Flex side chains      : 0.000 (kcal/mol)
(3) Torsional Free Energy          : 0.520 (kcal/mol)
(4) Unbound System's Energy        : -0.124 (kcal/mol)
ENERGY FROM SEARCH: -6.506
FINAL ENERGY: 
Estimated Free Energy of Binding   : -5.868 (kcal/mol) [=(1)+(2)+(3)-(4)]
(1) Final Intermolecular Energy    : -6.346 (kcal/mol)
    Ligand - Receptor              : -6.346 (kcal/mol)
    Ligand - Flex side chains      : 0.000 (kcal/mol)
(2) Final Total Internal Energy    : -0.160 (kcal/mol)
    Ligand                         : -0.160 (kcal/mol)
    Flex   - Receptor              : 0.000 (kcal/mol)
    Flex   - Flex side chains      : 0.000 (kcal/mol)
(3) Torsional Free Energy          : 0.515 (kcal/mol)
(4) Unbound System's Energy        : -0.124 (kcal/mol)
ENERGY FROM SEARCH: -6.460
FINAL ENERGY: 
Estimated Free Energy of Binding   : -5.826 (kcal/mol) [=(1)+(2)+(3)-(4)]
(1) Final Intermolecular Energy    : -6.297 (kcal/mol)
    Ligand - Receptor              : -6.297 (kcal/mol)
    Ligand - Flex side chains      : 0.000 (kcal/mol)
(2) Final Total Internal Energy    : -0.163 (kcal/mol)
    Ligand                         : -0.163 (kcal/mol)
    Flex   - Receptor              : 0.000 (kcal/mol)
    Flex   - Flex side chains      : 0.000 (kcal/mol)
(3) Torsional Free Energy          : 0.511 (kcal/mol)
(4) Unbound System's Energy        : -0.124 (kcal/mol)
ENERGY FROM SEARCH: -6.388
FINAL ENERGY: 
Estimated Free Energy of Binding   : -5.759 (kcal/mol) [=(1)+(2)+(3)-(4)]
(1) Final Intermolecular Energy    : -6.225 (kcal/mol)
    Ligand - Receptor              : -6.225 (kcal/mol)
    Ligand - Flex side chains      : 0.000 (kcal/mol)
(2) Final Total Internal Energy    : -0.163 (kcal/mol)
    Ligand                         : -0.163 (kcal/mol)
    Flex   - Receptor              : 0.000 (kcal/mol)
    Flex   - Flex side chains      : 0.000 (kcal/mol)
(3) Torsional Free Energy          : 0.505 (kcal/mol)
(4) Unbound System's Energy        : -0.124 (kcal/mol)
ENERGY FROM SEARCH: -6.326
FINAL ENERGY: 
Estimated Free Energy of Binding   : -5.703 (kcal/mol) [=(1)+(2)+(3)-(4)]
(1) Final Intermolecular Energy    : -6.179 (kcal/mol)
    Ligand - Receptor              : -6.179 (kcal/mol)
    Ligand - Flex side chains      : 0.000 (kcal/mol)
(2) Final Total Internal Energy    : -0.147 (kcal/mol)
    Ligand                         : -0.147 (kcal/mol)
    Flex   - Receptor              : 0.000 (kcal/mol)
    Flex   - Flex side chains      : 0.000 (kcal/mol)
(3) Torsional Free Energy          : 0.500 (kcal/mol)
(4) Unbound System's Energy        : -0.124 (kcal/mol)
ENERGY FROM SEARCH: -6.266
FINAL ENERGY: 
Estimated Free Energy of Binding   : -5.647 (kcal/mol) [=(1)+(2)+(3)-(4)]
(1) Final Intermolecular Energy    : -6.134 (kcal/mol)
    Ligand - Receptor              : -6.134 (kcal/mol)
    Ligand - Flex side chains      : 0.000 (kcal/mol)
(2) Final Total Internal Energy    : -0.132 (kcal/mol)
    Ligand                         : -0.132 (kcal/mol)
    Flex   - Receptor              : 0.000 (kcal/mol)
    Flex   - Flex side chains      : 0.000 (kcal/mol)
(3) Torsional Free Energy          : 0.495 (kcal/mol)
(4) Unbound System's Energy        : -0.124 (kcal/mol)
ENERGY FROM SEARCH: -6.259
FINAL ENERGY: 
Estimated Free Energy of Binding   : -5.641 (kcal/mol) [=(1)+(2)+(3)-(4)]
(1) Final Intermolecular Energy    : -6.147 (kcal/mol)
    Ligand - Receptor              : -6.147 (kcal/mol)
    Ligand - Flex side chains      : 0.000 (kcal/mol)
(2) Final Total Internal Energy    : -0.112 (kcal/mol)
    Ligand                         : -0.112 (kcal/mol)
    Flex   - Receptor              : 0.000 (kcal/mol)
    Flex   - Flex side chains      : 0.000 (kcal/mol)
(3) Torsional Free Energy          : 0.495 (kcal/mol)
(4) Unbound System's Energy        : -0.124 (kcal/mol)
ENERGY FROM SEARCH: -6.092
FINAL ENERGY: 
Estimated Free Energy of Binding   : -5.487 (kcal/mol) [=(1)+(2)+(3)-(4)]
(1) Final Intermolecular Energy    : -5.942 (kcal/mol)
    Ligand - Receptor              : -5.942 (kcal/mol)
    Ligand - Flex side chains      : 0.000 (kcal/mol)
(2) Final Total Internal Energy    : -0.149 (kcal/mol)
    Ligand                         : -0.149 (kcal/mol)
    Flex   - Receptor              : 0.000 (kcal/mol)
    Flex   - Flex side chains      : 0.000 (kcal/mol)
(3) Torsional Free Energy          : 0.481 (kcal/mol)
(4) Unbound System's Energy        : -0.124 (kcal/mol)

mode |   affinity | dist from best mode
     | (kcal/mol) | rmsd l.b.| rmsd u.b.
-----+------------+----------+----------
   1      -5.9926     0.0000     0.0000
   2      -5.9273     0.0936     1.4606
   3      -5.8678     1.7081     2.4581
   4      -5.8255     2.4765     3.1403
   5      -5.7593     2.1749     5.1531
   6      -5.7027     2.3918     6.0776
   7      -5.6469     3.4914     4.8989
   8      -5.6405     2.9836     3.4333
   9      -5.4869     1.8211     4.9448
